2023-04-27 10:03:28.622  INFO 30873 --- [restartedMain] com.ait.lms.LMSServiceApplicationKt      : Starting LMSServiceApplicationKt using Java 18.0.1.1 on kays-MacBook-Pro.local with PID 30873 (/Users/godwinduah/IdeaProjects/lms-service/target/classes started by godwinduah in /Users/godwinduah/IdeaProjects/lms-service)
2023-04-27 10:03:28.623  INFO 30873 --- [restartedMain] com.ait.lms.LMSServiceApplicationKt      : The following profiles are active: dev
2023-04-27 10:03:28.667  INFO 30873 --- [restartedMain] .e.DevToolsPropertyDefaultsPostProcessor : Devtools property defaults active! Set 'spring.devtools.add-properties' to 'false' to disable
2023-04-27 10:03:28.667  INFO 30873 --- [restartedMain] .e.DevToolsPropertyDefaultsPostProcessor : For additional web related logging consider setting the 'logging.level.web' property to 'DEBUG'
2023-04-27 10:03:29.261  INFO 30873 --- [restartedMain] .s.d.r.c.RepositoryConfigurationDelegate : Bootstrapping Spring Data JPA repositories in DEFAULT mode.
2023-04-27 10:03:29.345  INFO 30873 --- [restartedMain] .s.d.r.c.RepositoryConfigurationDelegate : Finished Spring Data repository scanning in 78 ms. Found 5 JPA repository interfaces.
2023-04-27 10:03:29.630  INFO 30873 --- [restartedMain] o.s.b.w.embedded.tomcat.TomcatWebServer  : Tomcat initialized with port(s): 8081 (http)
2023-04-27 10:03:29.635  INFO 30873 --- [restartedMain] o.apache.catalina.core.StandardService   : Starting service [Tomcat]
2023-04-27 10:03:29.635  INFO 30873 --- [restartedMain] org.apache.catalina.core.StandardEngine  : Starting Servlet engine: [Apache Tomcat/9.0.55]
2023-04-27 10:03:29.669  INFO 30873 --- [restartedMain] o.a.c.c.C.[Tomcat].[localhost].[/]       : Initializing Spring embedded WebApplicationContext
2023-04-27 10:03:29.669  INFO 30873 --- [restartedMain] w.s.c.ServletWebServerApplicationContext : Root WebApplicationContext: initialization completed in 1001 ms
2023-04-27 10:03:29.832  INFO 30873 --- [restartedMain] o.hibernate.jpa.internal.util.LogHelper  : HHH000204: Processing PersistenceUnitInfo [name: default]
2023-04-27 10:03:29.860  INFO 30873 --- [restartedMain] org.hibernate.Version                    : HHH000412: Hibernate ORM core version 5.6.1.Final
2023-04-27 10:03:29.943  INFO 30873 --- [restartedMain] o.hibernate.annotations.common.Version   : HCANN000001: Hibernate Commons Annotations {5.1.2.Final}
2023-04-27 10:03:29.990  INFO 30873 --- [restartedMain] com.zaxxer.hikari.HikariDataSource       : HikariPool-1 - Starting...
2023-04-27 10:03:30.212  INFO 30873 --- [restartedMain] com.zaxxer.hikari.HikariDataSource       : HikariPool-1 - Start completed.
2023-04-27 10:03:30.222  INFO 30873 --- [restartedMain] org.hibernate.dialect.Dialect            : HHH000400: Using dialect: org.hibernate.dialect.MySQL8Dialect
2023-04-27 10:03:30.353  INFO 30873 --- [restartedMain] org.hibernate.tuple.PojoInstantiator     : HHH000182: No default (no-argument) constructor for class: com.ait.lms.models.Student (class must be instantiated by Interceptor)
2023-04-27 10:03:30.359  INFO 30873 --- [restartedMain] org.hibernate.tuple.PojoInstantiator     : HHH000182: No default (no-argument) constructor for class: com.ait.lms.models.CourseRegistration (class must be instantiated by Interceptor)
2023-04-27 10:03:30.359  INFO 30873 --- [restartedMain] org.hibernate.tuple.PojoInstantiator     : HHH000182: No default (no-argument) constructor for class: com.ait.lms.models.Course (class must be instantiated by Interceptor)
2023-04-27 10:03:30.360  INFO 30873 --- [restartedMain] org.hibernate.tuple.PojoInstantiator     : HHH000182: No default (no-argument) constructor for class: com.ait.lms.models.Lecturer (class must be instantiated by Interceptor)
2023-04-27 10:03:30.360  INFO 30873 --- [restartedMain] org.hibernate.tuple.PojoInstantiator     : HHH000182: No default (no-argument) constructor for class: com.ait.lms.models.Admin (class must be instantiated by Interceptor)
2023-04-27 10:03:30.543  INFO 30873 --- [restartedMain] o.h.e.t.j.p.i.JtaPlatformInitiator       : HHH000490: Using JtaPlatform implementation: [org.hibernate.engine.transaction.jta.platform.internal.NoJtaPlatform]
2023-04-27 10:03:30.550  INFO 30873 --- [restartedMain] j.LocalContainerEntityManagerFactoryBean : Initialized JPA EntityManagerFactory for persistence unit 'default'
2023-04-27 10:03:30.925  WARN 30873 --- [restartedMain] JpaBaseConfiguration$JpaWebConfiguration : spring.jpa.open-in-view is enabled by default. Therefore, database queries may be performed during view rendering. Explicitly configure spring.jpa.open-in-view to disable this warning
2023-04-27 10:03:31.437  INFO 30873 --- [restartedMain] o.s.b.d.a.OptionalLiveReloadServer       : LiveReload server is running on port 35729
2023-04-27 10:03:31.441  INFO 30873 --- [restartedMain] o.s.b.a.e.web.EndpointLinksResolver      : Exposing 14 endpoint(s) beneath base path '/actuator'
2023-04-27 10:03:31.487  INFO 30873 --- [restartedMain] o.s.b.w.embedded.tomcat.TomcatWebServer  : Tomcat started on port(s): 8081 (http) with context path ''
2023-04-27 10:03:31.499  INFO 30873 --- [restartedMain] com.ait.lms.LMSServiceApplicationKt      : Started LMSServiceApplicationKt in 3.065 seconds (JVM running for 3.617)
2023-04-27 10:03:31.633  INFO 30873 --- [RMI TCP Connection(2)-169.254.212.65] o.a.c.c.C.[Tomcat].[localhost].[/]       : Initializing Spring DispatcherServlet 'dispatcherServlet'
2023-04-27 10:03:31.633  INFO 30873 --- [RMI TCP Connection(2)-169.254.212.65] o.s.web.servlet.DispatcherServlet        : Initializing Servlet 'dispatcherServlet'
2023-04-27 10:03:31.634  INFO 30873 --- [RMI TCP Connection(2)-169.254.212.65] o.s.web.servlet.DispatcherServlet        : Completed initialization in 1 ms
2023-04-27 10:04:00.879  INFO 30873 --- [SpringApplicationShutdownHook] j.LocalContainerEntityManagerFactoryBean : Closing JPA EntityManagerFactory for persistence unit 'default'
2023-04-27 10:04:00.896  INFO 30873 --- [SpringApplicationShutdownHook] com.zaxxer.hikari.HikariDataSource       : HikariPool-1 - Shutdown initiated...
2023-04-27 10:04:00.983  INFO 30873 --- [SpringApplicationShutdownHook] com.zaxxer.hikari.HikariDataSource       : HikariPool-1 - Shutdown completed.
2023-04-27 10:19:45.506  INFO 33025 --- [restartedMain] com.ait.lms.LMSServiceApplicationKt      : Starting LMSServiceApplicationKt using Java 18.0.1.1 on kays-MacBook-Pro.local with PID 33025 (/Users/godwinduah/IdeaProjects/lms/target/classes started by godwinduah in /Users/godwinduah/IdeaProjects/lms)
2023-04-27 10:19:45.507  INFO 33025 --- [restartedMain] com.ait.lms.LMSServiceApplicationKt      : The following profiles are active: dev
2023-04-27 10:19:45.540  INFO 33025 --- [restartedMain] .e.DevToolsPropertyDefaultsPostProcessor : Devtools property defaults active! Set 'spring.devtools.add-properties' to 'false' to disable
2023-04-27 10:19:45.541  INFO 33025 --- [restartedMain] .e.DevToolsPropertyDefaultsPostProcessor : For additional web related logging consider setting the 'logging.level.web' property to 'DEBUG'
2023-04-27 10:19:46.101  INFO 33025 --- [restartedMain] .s.d.r.c.RepositoryConfigurationDelegate : Bootstrapping Spring Data JPA repositories in DEFAULT mode.
2023-04-27 10:19:46.172  INFO 33025 --- [restartedMain] .s.d.r.c.RepositoryConfigurationDelegate : Finished Spring Data repository scanning in 67 ms. Found 5 JPA repository interfaces.
2023-04-27 10:19:46.446  INFO 33025 --- [restartedMain] o.s.b.w.embedded.tomcat.TomcatWebServer  : Tomcat initialized with port(s): 8081 (http)
2023-04-27 10:19:46.452  INFO 33025 --- [restartedMain] o.apache.catalina.core.StandardService   : Starting service [Tomcat]
2023-04-27 10:19:46.452  INFO 33025 --- [restartedMain] org.apache.catalina.core.StandardEngine  : Starting Servlet engine: [Apache Tomcat/9.0.55]
2023-04-27 10:19:46.490  INFO 33025 --- [restartedMain] o.a.c.c.C.[Tomcat].[localhost].[/]       : Initializing Spring embedded WebApplicationContext
2023-04-27 10:19:46.490  INFO 33025 --- [restartedMain] w.s.c.ServletWebServerApplicationContext : Root WebApplicationContext: initialization completed in 949 ms
2023-04-27 10:19:46.639  INFO 33025 --- [restartedMain] o.hibernate.jpa.internal.util.LogHelper  : HHH000204: Processing PersistenceUnitInfo [name: default]
2023-04-27 10:19:46.668  INFO 33025 --- [restartedMain] org.hibernate.Version                    : HHH000412: Hibernate ORM core version 5.6.1.Final
2023-04-27 10:19:46.753  INFO 33025 --- [restartedMain] o.hibernate.annotations.common.Version   : HCANN000001: Hibernate Commons Annotations {5.1.2.Final}
2023-04-27 10:19:46.794  INFO 33025 --- [restartedMain] com.zaxxer.hikari.HikariDataSource       : HikariPool-1 - Starting...
2023-04-27 10:19:47.048  INFO 33025 --- [restartedMain] com.zaxxer.hikari.HikariDataSource       : HikariPool-1 - Start completed.
2023-04-27 10:19:47.056  INFO 33025 --- [restartedMain] org.hibernate.dialect.Dialect            : HHH000400: Using dialect: org.hibernate.dialect.MySQL8Dialect
2023-04-27 10:19:47.194  INFO 33025 --- [restartedMain] org.hibernate.tuple.PojoInstantiator     : HHH000182: No default (no-argument) constructor for class: com.ait.lms.models.Student (class must be instantiated by Interceptor)
2023-04-27 10:19:47.199  INFO 33025 --- [restartedMain] org.hibernate.tuple.PojoInstantiator     : HHH000182: No default (no-argument) constructor for class: com.ait.lms.models.CourseRegistration (class must be instantiated by Interceptor)
2023-04-27 10:19:47.199  INFO 33025 --- [restartedMain] org.hibernate.tuple.PojoInstantiator     : HHH000182: No default (no-argument) constructor for class: com.ait.lms.models.Course (class must be instantiated by Interceptor)
2023-04-27 10:19:47.200  INFO 33025 --- [restartedMain] org.hibernate.tuple.PojoInstantiator     : HHH000182: No default (no-argument) constructor for class: com.ait.lms.models.Lecturer (class must be instantiated by Interceptor)
2023-04-27 10:19:47.201  INFO 33025 --- [restartedMain] org.hibernate.tuple.PojoInstantiator     : HHH000182: No default (no-argument) constructor for class: com.ait.lms.models.Admin (class must be instantiated by Interceptor)
2023-04-27 10:19:47.351  INFO 33025 --- [restartedMain] o.h.e.t.j.p.i.JtaPlatformInitiator       : HHH000490: Using JtaPlatform implementation: [org.hibernate.engine.transaction.jta.platform.internal.NoJtaPlatform]
2023-04-27 10:19:47.357  INFO 33025 --- [restartedMain] j.LocalContainerEntityManagerFactoryBean : Initialized JPA EntityManagerFactory for persistence unit 'default'
2023-04-27 10:19:47.720  WARN 33025 --- [restartedMain] JpaBaseConfiguration$JpaWebConfiguration : spring.jpa.open-in-view is enabled by default. Therefore, database queries may be performed during view rendering. Explicitly configure spring.jpa.open-in-view to disable this warning
2023-04-27 10:19:48.180  INFO 33025 --- [restartedMain] o.s.b.d.a.OptionalLiveReloadServer       : LiveReload server is running on port 35729
2023-04-27 10:19:48.183  INFO 33025 --- [restartedMain] o.s.b.a.e.web.EndpointLinksResolver      : Exposing 14 endpoint(s) beneath base path '/actuator'
2023-04-27 10:19:48.211  INFO 33025 --- [restartedMain] o.s.b.w.embedded.tomcat.TomcatWebServer  : Tomcat started on port(s): 8081 (http) with context path ''
2023-04-27 10:19:48.222  INFO 33025 --- [restartedMain] com.ait.lms.LMSServiceApplicationKt      : Started LMSServiceApplicationKt in 2.916 seconds (JVM running for 3.419)
2023-04-27 10:19:48.263  INFO 33025 --- [RMI TCP Connection(2)-169.254.212.65] o.a.c.c.C.[Tomcat].[localhost].[/]       : Initializing Spring DispatcherServlet 'dispatcherServlet'
2023-04-27 10:19:48.263  INFO 33025 --- [RMI TCP Connection(2)-169.254.212.65] o.s.web.servlet.DispatcherServlet        : Initializing Servlet 'dispatcherServlet'
2023-04-27 10:19:48.264  INFO 33025 --- [RMI TCP Connection(2)-169.254.212.65] o.s.web.servlet.DispatcherServlet        : Completed initialization in 1 ms
2023-04-27 10:23:25.312  INFO 33025 --- [SpringApplicationShutdownHook] j.LocalContainerEntityManagerFactoryBean : Closing JPA EntityManagerFactory for persistence unit 'default'
2023-04-27 10:23:25.320  INFO 33025 --- [SpringApplicationShutdownHook] com.zaxxer.hikari.HikariDataSource       : HikariPool-1 - Shutdown initiated...
2023-04-27 10:23:25.358  INFO 33025 --- [SpringApplicationShutdownHook] com.zaxxer.hikari.HikariDataSource       : HikariPool-1 - Shutdown completed.
2023-04-27 10:23:28.320  INFO 33543 --- [restartedMain] com.ait.lms.LMSServiceApplicationKt      : Starting LMSServiceApplicationKt using Java 18.0.1.1 on kays-MacBook-Pro.local with PID 33543 (/Users/godwinduah/IdeaProjects/lms/target/classes started by godwinduah in /Users/godwinduah/IdeaProjects/lms)
2023-04-27 10:23:28.320  INFO 33543 --- [restartedMain] com.ait.lms.LMSServiceApplicationKt      : The following profiles are active: dev
2023-04-27 10:23:28.346  INFO 33543 --- [restartedMain] .e.DevToolsPropertyDefaultsPostProcessor : Devtools property defaults active! Set 'spring.devtools.add-properties' to 'false' to disable
2023-04-27 10:23:28.346  INFO 33543 --- [restartedMain] .e.DevToolsPropertyDefaultsPostProcessor : For additional web related logging consider setting the 'logging.level.web' property to 'DEBUG'
2023-04-27 10:23:28.902  INFO 33543 --- [restartedMain] .s.d.r.c.RepositoryConfigurationDelegate : Bootstrapping Spring Data JPA repositories in DEFAULT mode.
2023-04-27 10:23:28.984  INFO 33543 --- [restartedMain] .s.d.r.c.RepositoryConfigurationDelegate : Finished Spring Data repository scanning in 77 ms. Found 5 JPA repository interfaces.
2023-04-27 10:23:29.240  INFO 33543 --- [restartedMain] o.s.b.w.embedded.tomcat.TomcatWebServer  : Tomcat initialized with port(s): 8081 (http)
2023-04-27 10:23:29.244  INFO 33543 --- [restartedMain] o.apache.catalina.core.StandardService   : Starting service [Tomcat]
2023-04-27 10:23:29.245  INFO 33543 --- [restartedMain] org.apache.catalina.core.StandardEngine  : Starting Servlet engine: [Apache Tomcat/9.0.55]
2023-04-27 10:23:29.279  INFO 33543 --- [restartedMain] o.a.c.c.C.[Tomcat].[localhost].[/]       : Initializing Spring embedded WebApplicationContext
2023-04-27 10:23:29.279  INFO 33543 --- [restartedMain] w.s.c.ServletWebServerApplicationContext : Root WebApplicationContext: initialization completed in 933 ms
2023-04-27 10:23:29.424  INFO 33543 --- [restartedMain] o.hibernate.jpa.internal.util.LogHelper  : HHH000204: Processing PersistenceUnitInfo [name: default]
2023-04-27 10:23:29.446  INFO 33543 --- [restartedMain] org.hibernate.Version                    : HHH000412: Hibernate ORM core version 5.6.1.Final
2023-04-27 10:23:29.521  INFO 33543 --- [restartedMain] o.hibernate.annotations.common.Version   : HCANN000001: Hibernate Commons Annotations {5.1.2.Final}
2023-04-27 10:23:29.560  INFO 33543 --- [restartedMain] com.zaxxer.hikari.HikariDataSource       : HikariPool-1 - Starting...
2023-04-27 10:23:29.754  INFO 33543 --- [restartedMain] com.zaxxer.hikari.HikariDataSource       : HikariPool-1 - Start completed.
2023-04-27 10:23:29.762  INFO 33543 --- [restartedMain] org.hibernate.dialect.Dialect            : HHH000400: Using dialect: org.hibernate.dialect.MySQL8Dialect
2023-04-27 10:23:29.883  INFO 33543 --- [restartedMain] org.hibernate.tuple.PojoInstantiator     : HHH000182: No default (no-argument) constructor for class: com.ait.lms.models.Student (class must be instantiated by Interceptor)
2023-04-27 10:23:29.887  INFO 33543 --- [restartedMain] org.hibernate.tuple.PojoInstantiator     : HHH000182: No default (no-argument) constructor for class: com.ait.lms.models.CourseRegistration (class must be instantiated by Interceptor)
2023-04-27 10:23:29.888  INFO 33543 --- [restartedMain] org.hibernate.tuple.PojoInstantiator     : HHH000182: No default (no-argument) constructor for class: com.ait.lms.models.Course (class must be instantiated by Interceptor)
2023-04-27 10:23:29.888  INFO 33543 --- [restartedMain] org.hibernate.tuple.PojoInstantiator     : HHH000182: No default (no-argument) constructor for class: com.ait.lms.models.Lecturer (class must be instantiated by Interceptor)
2023-04-27 10:23:29.889  INFO 33543 --- [restartedMain] org.hibernate.tuple.PojoInstantiator     : HHH000182: No default (no-argument) constructor for class: com.ait.lms.models.Admin (class must be instantiated by Interceptor)
2023-04-27 10:23:29.997  INFO 33543 --- [restartedMain] o.h.e.t.j.p.i.JtaPlatformInitiator       : HHH000490: Using JtaPlatform implementation: [org.hibernate.engine.transaction.jta.platform.internal.NoJtaPlatform]
2023-04-27 10:23:30.001  INFO 33543 --- [restartedMain] j.LocalContainerEntityManagerFactoryBean : Initialized JPA EntityManagerFactory for persistence unit 'default'
2023-04-27 10:23:30.337  WARN 33543 --- [restartedMain] JpaBaseConfiguration$JpaWebConfiguration : spring.jpa.open-in-view is enabled by default. Therefore, database queries may be performed during view rendering. Explicitly configure spring.jpa.open-in-view to disable this warning
2023-04-27 10:23:30.794  INFO 33543 --- [restartedMain] o.s.b.d.a.OptionalLiveReloadServer       : LiveReload server is running on port 35729
2023-04-27 10:23:30.797  INFO 33543 --- [restartedMain] o.s.b.a.e.web.EndpointLinksResolver      : Exposing 14 endpoint(s) beneath base path '/actuator'
2023-04-27 10:23:30.824  INFO 33543 --- [restartedMain] o.s.b.w.embedded.tomcat.TomcatWebServer  : Tomcat started on port(s): 8081 (http) with context path ''
2023-04-27 10:23:30.834  INFO 33543 --- [restartedMain] com.ait.lms.LMSServiceApplicationKt      : Started LMSServiceApplicationKt in 2.681 seconds (JVM running for 2.936)
2023-04-27 10:23:31.105  INFO 33543 --- [RMI TCP Connection(3)-169.254.212.65] o.a.c.c.C.[Tomcat].[localhost].[/]       : Initializing Spring DispatcherServlet 'dispatcherServlet'
2023-04-27 10:23:31.105  INFO 33543 --- [RMI TCP Connection(3)-169.254.212.65] o.s.web.servlet.DispatcherServlet        : Initializing Servlet 'dispatcherServlet'
2023-04-27 10:23:31.106  INFO 33543 --- [RMI TCP Connection(3)-169.254.212.65] o.s.web.servlet.DispatcherServlet        : Completed initialization in 1 ms
2023-04-27 14:16:34.394  INFO 33543 --- [SpringApplicationShutdownHook] j.LocalContainerEntityManagerFactoryBean : Closing JPA EntityManagerFactory for persistence unit 'default'
2023-04-27 14:16:34.398  INFO 33543 --- [SpringApplicationShutdownHook] com.zaxxer.hikari.HikariDataSource       : HikariPool-1 - Shutdown initiated...
2023-04-27 14:16:34.422  INFO 33543 --- [SpringApplicationShutdownHook] com.zaxxer.hikari.HikariDataSource       : HikariPool-1 - Shutdown completed.
